2014/04/02 08:56:14 [error] [exception.CException] exception 'CException' with message 'CAssetManager.basePath "C:\wamp\www\assets" is invalid. Please make sure the directory exists and is writable by the Web server process.' in C:\wamp\www\framework\web\CAssetManager.php:138
Stack trace:
#0 C:\wamp\www\framework\web\CAssetManager.php(123): CAssetManager->setBasePath('C:\wamp\www\ass...')
#1 C:\wamp\www\framework\web\CAssetManager.php(217): CAssetManager->getBasePath()
#2 C:\wamp\www\framework\web\CClientScript.php(510): CAssetManager->publish('C:\wamp\www\fra...')
#3 C:\wamp\www\framework\web\CClientScript.php(547): CClientScript->getCoreScriptUrl()
#4 C:\wamp\www\framework\web\CClientScript.php(348): CClientScript->getPackageBaseUrl('jquery')
#5 C:\wamp\www\framework\web\CClientScript.php(208): CClientScript->renderCoreScripts()
#6 C:\wamp\www\framework\web\CController.php(351): CClientScript->render('<!DOCTYPE html ...')
#7 C:\wamp\www\framework\web\CController.php(788): CController->processOutput('<!DOCTYPE html ...')
#8 C:\wamp\www\protected\controllers\SiteController.php(72): CController->render('contact', Array)
#9 C:\wamp\www\framework\web\actions\CInlineAction.php(49): SiteController->actionContact()
#10 C:\wamp\www\framework\web\CController.php(308): CInlineAction->runWithParams(Array)
#11 C:\wamp\www\framework\web\CController.php(286): CController->runAction(Object(CInlineAction))
#12 C:\wamp\www\framework\web\CController.php(265): CController->runActionWithFilters(Object(CInlineAction), Array)
#13 C:\wamp\www\framework\web\CWebApplication.php(282): CController->run('contact')
#14 C:\wamp\www\framework\web\CWebApplication.php(141): CWebApplication->runController('site/contact')
#15 C:\wamp\www\framework\base\CApplication.php(180): CWebApplication->processRequest()
#16 C:\wamp\www\index.php(13): CApplication->run()
#17 {main}
REQUEST_URI=/index.php?r=site/contact
HTTP_REFERER=http://localhost/index.php?r=site/page&view=about
---
2014/04/02 15:10:23 [error] [exception.CHttpException.404] exception 'CHttpException' with message 'Unable to resolve the request "r=gii".' in C:\wamp\www\framework\web\CWebApplication.php:286
Stack trace:
#0 C:\wamp\www\framework\web\CWebApplication.php(141): CWebApplication->runController('r=gii')
#1 C:\wamp\www\framework\base\CApplication.php(180): CWebApplication->processRequest()
#2 C:\wamp\www\index.php(13): CApplication->run()
#3 {main}
REQUEST_URI=/index.php/r=gii
---
2014/04/02 15:12:14 [error] [exception.CHttpException.404] exception 'CHttpException' with message 'Unable to resolve the request "r/gii".' in C:\wamp\www\framework\web\CWebApplication.php:286
Stack trace:
#0 C:\wamp\www\framework\web\CWebApplication.php(141): CWebApplication->runController('r/gii')
#1 C:\wamp\www\framework\base\CApplication.php(180): CWebApplication->processRequest()
#2 C:\wamp\www\index.php(13): CApplication->run()
#3 {main}
REQUEST_URI=/index.php/r/gii
---
2014/04/02 15:18:30 [error] [exception.CHttpException.403] exception 'CHttpException' with message 'You are not authorized to perform this action.' in C:\wamp\www\framework\web\auth\CAccessControlFilter.php:182
Stack trace:
#0 C:\wamp\www\framework\web\auth\CAccessControlFilter.php(145): CAccessControlFilter->accessDenied(Object(CWebUser), 'You are not aut...')
#1 C:\wamp\www\framework\web\filters\CFilter.php(38): CAccessControlFilter->preFilter(Object(CFilterChain))
#2 C:\wamp\www\framework\web\CController.php(1145): CFilter->filter(Object(CFilterChain))
#3 C:\wamp\www\framework\web\filters\CInlineFilter.php(58): CController->filterAccessControl(Object(CFilterChain))
#4 C:\wamp\www\framework\web\filters\CFilterChain.php(130): CInlineFilter->filter(Object(CFilterChain))
#5 C:\wamp\www\framework\web\CController.php(291): CFilterChain->run()
#6 C:\wamp\www\framework\web\CController.php(265): CController->runActionWithFilters(Object(CInlineAction), Array)
#7 C:\wamp\www\framework\web\CWebApplication.php(282): CController->run('admin')
#8 C:\wamp\www\framework\web\CWebApplication.php(141): CWebApplication->runController('articles/admin')
#9 C:\wamp\www\framework\base\CApplication.php(180): CWebApplication->processRequest()
#10 C:\wamp\www\index.php(13): CApplication->run()
#11 {main}
REQUEST_URI=/index.php?r=articles/admin
HTTP_REFERER=http://localhost/index.php?r=articles/index
---
2014/04/02 15:18:33 [error] [exception.CHttpException.403] exception 'CHttpException' with message 'You are not authorized to perform this action.' in C:\wamp\www\framework\web\auth\CAccessControlFilter.php:182
Stack trace:
#0 C:\wamp\www\framework\web\auth\CAccessControlFilter.php(145): CAccessControlFilter->accessDenied(Object(CWebUser), 'You are not aut...')
#1 C:\wamp\www\framework\web\filters\CFilter.php(38): CAccessControlFilter->preFilter(Object(CFilterChain))
#2 C:\wamp\www\framework\web\CController.php(1145): CFilter->filter(Object(CFilterChain))
#3 C:\wamp\www\framework\web\filters\CInlineFilter.php(58): CController->filterAccessControl(Object(CFilterChain))
#4 C:\wamp\www\framework\web\filters\CFilterChain.php(130): CInlineFilter->filter(Object(CFilterChain))
#5 C:\wamp\www\framework\web\CController.php(291): CFilterChain->run()
#6 C:\wamp\www\framework\web\CController.php(265): CController->runActionWithFilters(Object(CInlineAction), Array)
#7 C:\wamp\www\framework\web\CWebApplication.php(282): CController->run('admin')
#8 C:\wamp\www\framework\web\CWebApplication.php(141): CWebApplication->runController('articles/admin')
#9 C:\wamp\www\framework\base\CApplication.php(180): CWebApplication->processRequest()
#10 C:\wamp\www\index.php(13): CApplication->run()
#11 {main}
REQUEST_URI=/index.php?r=articles/admin
HTTP_REFERER=http://localhost/index.php?r=articles/index
---
2014/04/02 15:30:40 [error] [exception.CHttpException.404] exception 'CHttpException' with message 'The system is unable to find the requested action "articles".' in C:\wamp\www\framework\web\CController.php:483
Stack trace:
#0 C:\wamp\www\framework\web\CController.php(270): CController->missingAction('articles')
#1 C:\wamp\www\framework\web\CWebApplication.php(282): CController->run('articles')
#2 C:\wamp\www\framework\web\CWebApplication.php(141): CWebApplication->runController('site/articles')
#3 C:\wamp\www\framework\base\CApplication.php(180): CWebApplication->processRequest()
#4 C:\wamp\www\index.php(13): CApplication->run()
#5 {main}
REQUEST_URI=/index.php/site/articles?view=articles
HTTP_REFERER=http://localhost/index.php/site/page?view=about
---
2014/04/02 15:30:57 [error] [exception.CHttpException.404] exception 'CHttpException' with message 'The system is unable to find the requested action "articles".' in C:\wamp\www\framework\web\CController.php:483
Stack trace:
#0 C:\wamp\www\framework\web\CController.php(270): CController->missingAction('articles')
#1 C:\wamp\www\framework\web\CWebApplication.php(282): CController->run('articles')
#2 C:\wamp\www\framework\web\CWebApplication.php(141): CWebApplication->runController('site/articles')
#3 C:\wamp\www\framework\base\CApplication.php(180): CWebApplication->processRequest()
#4 C:\wamp\www\index.php(13): CApplication->run()
#5 {main}
REQUEST_URI=/index.php/site/articles?view=articles
HTTP_REFERER=http://localhost/index.php/site/contact
---
2014/04/02 15:31:58 [error] [exception.CHttpException.404] exception 'CHttpException' with message 'The system is unable to find the requested action "articles".' in C:\wamp\www\framework\web\CController.php:483
Stack trace:
#0 C:\wamp\www\framework\web\CController.php(270): CController->missingAction('articles')
#1 C:\wamp\www\framework\web\CWebApplication.php(282): CController->run('articles')
#2 C:\wamp\www\framework\web\CWebApplication.php(141): CWebApplication->runController('site/articles')
#3 C:\wamp\www\framework\base\CApplication.php(180): CWebApplication->processRequest()
#4 C:\wamp\www\index.php(13): CApplication->run()
#5 {main}
REQUEST_URI=/index.php/site/articles?view=articles
HTTP_REFERER=http://localhost/index.php/site/page?view=about
---
2014/04/02 15:33:03 [error] [exception.CHttpException.404] exception 'CHttpException' with message 'The system is unable to find the requested action "articles".' in C:\wamp\www\framework\web\CController.php:483
Stack trace:
#0 C:\wamp\www\framework\web\CController.php(270): CController->missingAction('articles')
#1 C:\wamp\www\framework\web\CWebApplication.php(282): CController->run('articles')
#2 C:\wamp\www\framework\web\CWebApplication.php(141): CWebApplication->runController('site/articles')
#3 C:\wamp\www\framework\base\CApplication.php(180): CWebApplication->processRequest()
#4 C:\wamp\www\index.php(13): CApplication->run()
#5 {main}
REQUEST_URI=/index.php?r=site/articles&view=articles
HTTP_REFERER=http://localhost/index.php?r=site/page&view=about
---
2014/04/02 15:33:18 [error] [exception.CHttpException.404] exception 'CHttpException' with message 'The system is unable to find the requested action "articles".' in C:\wamp\www\framework\web\CController.php:483
Stack trace:
#0 C:\wamp\www\framework\web\CController.php(270): CController->missingAction('articles')
#1 C:\wamp\www\framework\web\CWebApplication.php(282): CController->run('articles')
#2 C:\wamp\www\framework\web\CWebApplication.php(141): CWebApplication->runController('site/articles')
#3 C:\wamp\www\framework\base\CApplication.php(180): CWebApplication->processRequest()
#4 C:\wamp\www\index.php(13): CApplication->run()
#5 {main}
REQUEST_URI=/index.php?r=site/articles&view=articles
HTTP_REFERER=http://localhost/index.php?r=site/page&view=about
---
2014/04/02 15:34:04 [error] [exception.CHttpException.400] exception 'CHttpException' with message 'Your request is invalid.' in C:\wamp\www\framework\web\CController.php:336
Stack trace:
#0 C:\wamp\www\framework\web\CController.php(309): CController->invalidActionParams(Object(CInlineAction))
#1 C:\wamp\www\framework\web\filters\CFilterChain.php(133): CController->runAction(Object(CInlineAction))
#2 C:\wamp\www\framework\web\filters\CFilter.php(40): CFilterChain->run()
#3 C:\wamp\www\framework\web\CController.php(1145): CFilter->filter(Object(CFilterChain))
#4 C:\wamp\www\framework\web\filters\CInlineFilter.php(58): CController->filterAccessControl(Object(CFilterChain))
#5 C:\wamp\www\framework\web\filters\CFilterChain.php(130): CInlineFilter->filter(Object(CFilterChain))
#6 C:\wamp\www\framework\web\CController.php(291): CFilterChain->run()
#7 C:\wamp\www\framework\web\CController.php(265): CController->runActionWithFilters(Object(CInlineAction), Array)
#8 C:\wamp\www\framework\web\CWebApplication.php(282): CController->run('view')
#9 C:\wamp\www\framework\web\CWebApplication.php(141): CWebApplication->runController('articles/view/a...')
#10 C:\wamp\www\framework\base\CApplication.php(180): CWebApplication->processRequest()
#11 C:\wamp\www\index.php(13): CApplication->run()
#12 {main}
REQUEST_URI=/index.php/articles/view/articles
HTTP_REFERER=http://localhost/index.php?r=site/page&view=about
---
2014/04/02 15:34:13 [error] [exception.CHttpException.400] exception 'CHttpException' with message 'Your request is invalid.' in C:\wamp\www\framework\web\CController.php:336
Stack trace:
#0 C:\wamp\www\framework\web\CController.php(309): CController->invalidActionParams(Object(CInlineAction))
#1 C:\wamp\www\framework\web\filters\CFilterChain.php(133): CController->runAction(Object(CInlineAction))
#2 C:\wamp\www\framework\web\filters\CFilter.php(40): CFilterChain->run()
#3 C:\wamp\www\framework\web\CController.php(1145): CFilter->filter(Object(CFilterChain))
#4 C:\wamp\www\framework\web\filters\CInlineFilter.php(58): CController->filterAccessControl(Object(CFilterChain))
#5 C:\wamp\www\framework\web\filters\CFilterChain.php(130): CInlineFilter->filter(Object(CFilterChain))
#6 C:\wamp\www\framework\web\CController.php(291): CFilterChain->run()
#7 C:\wamp\www\framework\web\CController.php(265): CController->runActionWithFilters(Object(CInlineAction), Array)
#8 C:\wamp\www\framework\web\CWebApplication.php(282): CController->run('view')
#9 C:\wamp\www\framework\web\CWebApplication.php(141): CWebApplication->runController('articles/view/a...')
#10 C:\wamp\www\framework\base\CApplication.php(180): CWebApplication->processRequest()
#11 C:\wamp\www\index.php(13): CApplication->run()
#12 {main}
REQUEST_URI=/index.php/articles/view/articles
HTTP_REFERER=http://localhost/index.php/site/page?view=about
---
2014/04/02 15:37:22 [error] [exception.CHttpException.404] exception 'CHttpException' with message 'The system is unable to find the requested action "articles".' in C:\wamp\www\framework\web\CController.php:483
Stack trace:
#0 C:\wamp\www\framework\web\CController.php(270): CController->missingAction('articles')
#1 C:\wamp\www\framework\web\CWebApplication.php(282): CController->run('articles')
#2 C:\wamp\www\framework\web\CWebApplication.php(141): CWebApplication->runController('site/articles')
#3 C:\wamp\www\framework\base\CApplication.php(180): CWebApplication->processRequest()
#4 C:\wamp\www\index.php(13): CApplication->run()
#5 {main}
REQUEST_URI=/index.php/site/articles?view=articles
HTTP_REFERER=http://localhost/index.php?r=articles&view=articles
---
2014/04/02 15:37:28 [error] [exception.CHttpException.404] exception 'CHttpException' with message 'The system is unable to find the requested action "articles".' in C:\wamp\www\framework\web\CController.php:483
Stack trace:
#0 C:\wamp\www\framework\web\CController.php(270): CController->missingAction('articles')
#1 C:\wamp\www\framework\web\CWebApplication.php(282): CController->run('articles')
#2 C:\wamp\www\framework\web\CWebApplication.php(141): CWebApplication->runController('site/articles')
#3 C:\wamp\www\framework\base\CApplication.php(180): CWebApplication->processRequest()
#4 C:\wamp\www\index.php(13): CApplication->run()
#5 {main}
REQUEST_URI=/index.php/site/articles?view=articles
HTTP_REFERER=http://localhost/index.php/site/page?view=about
---
2014/04/02 15:50:38 [error] [exception.CHttpException.404] exception 'CHttpException' with message 'Unable to resolve the request "r=gii".' in C:\wamp\www\framework\web\CWebApplication.php:286
Stack trace:
#0 C:\wamp\www\framework\web\CWebApplication.php(141): CWebApplication->runController('r=gii')
#1 C:\wamp\www\framework\base\CApplication.php(180): CWebApplication->processRequest()
#2 C:\wamp\www\index.php(13): CApplication->run()
#3 {main}
REQUEST_URI=/index.php/r=gii
---
2014/04/02 15:50:41 [error] [exception.CHttpException.404] exception 'CHttpException' with message 'Unable to resolve the request "r=gii".' in C:\wamp\www\framework\web\CWebApplication.php:286
Stack trace:
#0 C:\wamp\www\framework\web\CWebApplication.php(141): CWebApplication->runController('r=gii')
#1 C:\wamp\www\framework\base\CApplication.php(180): CWebApplication->processRequest()
#2 C:\wamp\www\index.php(13): CApplication->run()
#3 {main}
REQUEST_URI=/index.php/r=gii
---
